<?xml version="1.0" encoding="UTF-8"?>
<!-- Generated by org.testng.reporters.JUnitReportReporter -->
<testsuite hostname="INBook_X1" failures="0" tests="6" name="demo_NG.Method_NewClass_Demo" time="0.056" errors="0" timestamp="2024-08-26T09:54:45 IST" skipped="2">
  <testcase classname="demo_NG.Method_NewClass_Demo" name="Amazonloginpassword" time="0.015"/>
  <testcase classname="demo_NG.Method_NewClass_Demo" name="Amazonloginusername" time="0.013"/>
  <testcase classname="demo_NG.Method_NewClass_Demo" name="Amazonloginusername" time="0.008"/>
  <testcase classname="demo_NG.Method_NewClass_Demo" name="Amazonloginusername" time="0.020"/>
  <testcase classname="demo_NG.Method_NewClass_Demo" name="Amazonloginurl">
    <skipped/>
  </testcase> <!-- Amazonloginurl -->
  <testcase classname="demo_NG.Method_NewClass_Demo" name="Amazonloginbutton">
    <skipped/>
  </testcase> <!-- Amazonloginbutton -->
</testsuite> <!-- demo_NG.Method_NewClass_Demo -->
