<?xml version="1.0" encoding="UTF-8"?>
<!-- Generated by org.testng.reporters.JUnitReportReporter -->
<testsuite hostname="INBook_X1" failures="0" tests="5" name="demo_NG.Testclass" time="0.025" errors="0" timestamp="2024-08-22T08:56:42 IST" skipped="0">
  <testcase classname="demo_NG.Testclass" name="facebookcapcha" time="0.004">
    <system-out>
      <![CDATA[New Test Startedfacebookcapcha]]>
    </system-out>
  </testcase> <!-- facebookcapcha -->
  <testcase classname="demo_NG.Testclass" name="facebookloginurl" time="0.004">
    <system-out>
      <![CDATA[New Test Startedfacebookloginurl]]>
    </system-out>
  </testcase> <!-- facebookloginurl -->
  <testcase classname="demo_NG.Testclass" name="FB_password" time="0.002">
    <system-out>
      <![CDATA[New Test StartedFB_password]]>
    </system-out>
  </testcase> <!-- FB_password -->
  <testcase classname="demo_NG.Testclass" name="FBlogin_username" time="0.012">
    <system-out>
      <![CDATA[New Test StartedFBlogin_username]]>
    </system-out>
  </testcase> <!-- FBlogin_username -->
  <testcase classname="demo_NG.Testclass" name="facebookloginbutton" time="0.003">
    <system-out>
      <![CDATA[New Test Startedfacebookloginbutton]]>
    </system-out>
  </testcase> <!-- facebookloginbutton -->
  <system-out>
    <![CDATA[New Test StartedFBlogin_username
New Test StartedFB_password
New Test Startedfacebookcapcha
New Test Startedfacebookloginurl
New Test Startedfacebookloginbutton
New Test StartedAmazonloginpassword
New Test StartedAmazonloginusername
New Test StartedInstacapcha
New Test StartedInsta
New Test StartedInsta_password
New Test StartedInstalogin_username
New Test StartedAmazonPrimelogin_entercapcha
New Test StartedAmazonPrimelogin_password
New Test StartedAmazonPrimelogin_username
New Test StartedAmazonPrimeloginbutton]]>
  </system-out>
</testsuite> <!-- demo_NG.Testclass -->
