<?xml version="1.0" encoding="UTF-8"?>
<!-- Generated by org.testng.reporters.JUnitReportReporter -->
<testsuite hostname="INBook_X1" failures="0" tests="3" name="demo_TestNG.Demo_NewTestNG" time="0.021" errors="0" timestamp="2024-08-13T08:23:54 IST" skipped="0">
  <testcase classname="demo_TestNG.Demo_NewTestNG" name="B" time="0.004"/>
  <testcase classname="demo_TestNG.Demo_NewTestNG" name="f" time="0.008"/>
  <testcase classname="demo_TestNG.Demo_NewTestNG" name="A" time="0.009"/>
</testsuite> <!-- demo_TestNG.Demo_NewTestNG -->
