<?xml version="1.0" encoding="UTF-8"?>
<!-- Generated by org.testng.reporters.JUnitReportReporter -->
<testsuite hostname="INBook_X1" failures="0" tests="5" name="demo_NG.Class_classNewTest" time="0.018" errors="0" timestamp="2024-08-22T08:56:42 IST" skipped="1">
  <testcase classname="demo_NG.Class_classNewTest" name="Instacapcha" time="0.002">
    <system-out>
      <![CDATA[New Test StartedInstacapcha]]>
    </system-out>
  </testcase> <!-- Instacapcha -->
  <testcase classname="demo_NG.Class_classNewTest" name="Insta" time="0.002">
    <system-out>
      <![CDATA[New Test StartedInsta]]>
    </system-out>
  </testcase> <!-- Insta -->
  <testcase classname="demo_NG.Class_classNewTest" name="Insta_password" time="0.008">
    <system-out>
      <![CDATA[New Test StartedInsta_password]]>
    </system-out>
  </testcase> <!-- Insta_password -->
  <testcase classname="demo_NG.Class_classNewTest" name="Instalogin_username" time="0.006">
    <system-out>
      <![CDATA[New Test StartedInstalogin_username]]>
    </system-out>
  </testcase> <!-- Instalogin_username -->
  <testcase classname="demo_NG.Class_classNewTest" name="Instaloginbutton">
    <skipped/>
  </testcase> <!-- Instaloginbutton -->
  <system-out>
    <![CDATA[New Test StartedFBlogin_username
New Test StartedFB_password
New Test Startedfacebookcapcha
New Test Startedfacebookloginurl
New Test Startedfacebookloginbutton
New Test StartedAmazonloginpassword
New Test StartedAmazonloginusername
New Test StartedInstacapcha
New Test StartedInsta
New Test StartedInsta_password
New Test StartedInstalogin_username
New Test StartedAmazonPrimelogin_entercapcha
New Test StartedAmazonPrimelogin_password
New Test StartedAmazonPrimelogin_username
New Test StartedAmazonPrimeloginbutton]]>
  </system-out>
</testsuite> <!-- demo_NG.Class_classNewTest -->
