<?xml version="1.0" encoding="UTF-8"?>
<!-- Generated by org.testng.reporters.JUnitReportReporter -->
<testsuite hostname="INBook_X1" failures="0" tests="4" name="demo_NG.suiteclass" time="0.026" errors="0" timestamp="2024-08-27T10:24:54 IST" skipped="0">
  <testcase classname="demo_NG.suiteclass" name="AmazonPrimelogin_username" time="0.005"/>
  <testcase classname="demo_NG.suiteclass" name="AmazonPrimeloginbutton" time="0.006"/>
  <testcase classname="demo_NG.suiteclass" name="AmazonPrimelogin_entercapcha" time="0.010"/>
  <testcase classname="demo_NG.suiteclass" name="AmazonPrimelogin_password" time="0.005"/>
</testsuite> <!-- demo_NG.suiteclass -->
